2025-11-22 13:23:16 [main            ] INFO  TreeTest               - Starting TreeTest using Java 1.8.0_472 on wyws-MacBook-Air.local with PID 10172 (started by wyw in /Users/wyw/Desktop/BackEnd/BigMarket/big-market/big-market-app)
2025-11-22 13:23:16 [main            ] INFO  TreeTest               - The following 1 profile is active: "dev"
2025-11-22 13:23:18 [main            ] INFO  TreeTest               - Started TreeTest in 2.236 seconds (JVM running for 2.803)
2025-11-22 13:23:18 [main            ] INFO  DecisionTreeEngine     - 【决策树引擎】：treeResult = RuleTreeResultVO(ruleResultType=PERMIT, awardId=null, ruleModel=null)
2025-11-22 13:23:18 [main            ] INFO  DecisionTreeEngine     - 【决策树引擎】：treeResult = RuleTreeResultVO(ruleResultType=CAPTURE, awardId=null, ruleModel=null)
2025-11-22 13:23:18 [main            ] INFO  DecisionTreeEngine     - 【决策树引擎】：treeResult = RuleTreeResultVO(ruleResultType=CAPTURE, awardId=101, ruleModel=1,100)
2025-11-22 13:23:18 [main            ] INFO  TreeTest               - 测试结果：RuleTreeResultVO(ruleResultType=CAPTURE, awardId=101, ruleModel=1,100)
2025-11-22 13:24:27 [main            ] INFO  TreeTest               - Starting TreeTest using Java 1.8.0_472 on wyws-MacBook-Air.local with PID 10217 (started by wyw in /Users/wyw/Desktop/BackEnd/BigMarket/big-market/big-market-app)
2025-11-22 13:24:27 [main            ] INFO  TreeTest               - The following 1 profile is active: "dev"
2025-11-22 13:24:28 [main            ] INFO  TreeTest               - Started TreeTest in 1.999 seconds (JVM running for 2.555)
2025-11-22 13:24:28 [main            ] INFO  DecisionTreeEngine     - 【决策树引擎】：RuleModel = rule_lock，RuleResult = RuleTreeResultVO(ruleResultType=PERMIT, awardId=null, ruleModel=null)
2025-11-22 13:24:28 [main            ] INFO  DecisionTreeEngine     - 【决策树引擎】：RuleModel = rule_stock，RuleResult = RuleTreeResultVO(ruleResultType=CAPTURE, awardId=null, ruleModel=null)
2025-11-22 13:24:28 [main            ] INFO  DecisionTreeEngine     - 【决策树引擎】：RuleModel = rule_luck，RuleResult = RuleTreeResultVO(ruleResultType=CAPTURE, awardId=101, ruleModel=1,100)
2025-11-22 13:24:28 [main            ] INFO  TreeTest               - 测试结果：RuleTreeResultVO(ruleResultType=CAPTURE, awardId=101, ruleModel=1,100)
2025-11-22 13:58:41 [main            ] INFO  TreeTest               - Starting TreeTest using Java 1.8.0_472 on wyws-MacBook-Air.local with PID 11736 (started by wyw in /Users/wyw/Desktop/BackEnd/BigMarket/big-market/big-market-app)
2025-11-22 13:58:41 [main            ] INFO  TreeTest               - The following 1 profile is active: "dev"
2025-11-22 13:58:43 [main            ] INFO  TreeTest               - Started TreeTest in 2.098 seconds (JVM running for 2.686)
2025-11-22 13:58:43 [main            ] INFO  RuleTreeEngine         - 【决策树引擎】：RuleModel = rule_lock，RuleResult = TreeResult(ruleCheckResult=PERMIT, awardId=null, ruleModel=null)
2025-11-22 13:58:43 [main            ] INFO  RuleTreeEngine         - 【决策树引擎】：RuleModel = rule_stock，RuleResult = TreeResult(ruleCheckResult=CAPTURE, awardId=null, ruleModel=null)
2025-11-22 13:58:43 [main            ] INFO  RuleTreeEngine         - 【决策树引擎】：RuleModel = rule_luck，RuleResult = TreeResult(ruleCheckResult=CAPTURE, awardId=101, ruleModel=1,100)
2025-11-22 13:58:43 [main            ] INFO  TreeTest               - 测试结果：TreeResult(ruleCheckResult=CAPTURE, awardId=101, ruleModel=1,100)
